CPU(i7)‚ÌƒeƒXƒg

runfile('C:/Users/hk/GitHub/Hello-World/mnist_cnn.py', wdir='C:/Users/hk/GitHub/Hello-World')

Using TensorFlow backend.
Downloading data from https://s3.amazonaws.com/img-datasets/mnist.npz
11493376/11490434 [==============================] - 4s 0us/step
x_train shape: (60000, 28, 28, 1)
60000 train samples
10000 test samples
Train on 60000 samples, validate on 10000 samples
Epoch 1/12
60000/60000 [==============================] - 225s 4ms/step - loss: 0.2563 - acc: 0.9206 - val_loss: 0.0628 - val_acc: 0.9796
Epoch 2/12
60000/60000 [==============================] - 233s 4ms/step - loss: 0.0873 - acc: 0.9743 - val_loss: 0.0432 - val_acc: 0.9857
Epoch 3/12
60000/60000 [==============================] - 225s 4ms/step - loss: 0.0656 - acc: 0.9802 - val_loss: 0.0344 - val_acc: 0.9883
Epoch 4/12
60000/60000 [==============================] - 225s 4ms/step - loss: 0.0530 - acc: 0.9838 - val_loss: 0.0317 - val_acc: 0.9890
Epoch 5/12
60000/60000 [==============================] - 244s 4ms/step - loss: 0.0460 - acc: 0.9863 - val_loss: 0.0292 - val_acc: 0.9904
Epoch 6/12
60000/60000 [==============================] - 224s 4ms/step - loss: 0.0419 - acc: 0.9873 - val_loss: 0.0273 - val_acc: 0.9909
Epoch 7/12
60000/60000 [==============================] - 226s 4ms/step - loss: 0.0380 - acc: 0.9883 - val_loss: 0.0338 - val_acc: 0.9886
Epoch 8/12
60000/60000 [==============================] - 224s 4ms/step - loss: 0.0327 - acc: 0.9897 - val_loss: 0.0243 - val_acc: 0.9920
Epoch 9/12
60000/60000 [==============================] - 223s 4ms/step - loss: 0.0299 - acc: 0.9911 - val_loss: 0.0280 - val_acc: 0.9909
Epoch 10/12
60000/60000 [==============================] - 234s 4ms/step - loss: 0.0283 - acc: 0.9914 - val_loss: 0.0281 - val_acc: 0.9912
Epoch 11/12
60000/60000 [==============================] - 224s 4ms/step - loss: 0.0287 - acc: 0.9912 - val_loss: 0.0268 - val_acc: 0.9921
Epoch 12/12
60000/60000 [==============================] - 221s 4ms/step - loss: 0.0256 - acc: 0.9925 - val_loss: 0.0276 - val_acc: 0.9907
Test loss: 0.02760551329995469
Test accuracy: 0.9907
