CPU(i7)でのテスト　

runfile('C:/Users/hkawaguc.ZENYAKU/GitHub/Hello-World/mnist_mlp.py', wdir='C:/Users/hkawaguc.ZENYAKU/GitHub/Hello-World')

Using TensorFlow backend.
60000 train samples
10000 test samples
_________________________________________________________________
Layer (type)                 Output Shape              Param #   
=================================================================
dense_1 (Dense)              (None, 512)               401920    
_________________________________________________________________
dropout_1 (Dropout)          (None, 512)               0         
_________________________________________________________________
dense_2 (Dense)              (None, 512)               262656    
_________________________________________________________________
dropout_2 (Dropout)          (None, 512)               0         
_________________________________________________________________
dense_3 (Dense)              (None, 10)                5130      
=================================================================
Total params: 669,706
Trainable params: 669,706
Non-trainable params: 0
_________________________________________________________________
Train on 60000 samples, validate on 10000 samples
Epoch 1/20
60000/60000 [==============================] - 7s 116us/step - loss: 0.2468 - acc: 0.9235 - val_loss: 0.1151 - val_acc: 0.9636
Epoch 2/20
60000/60000 [==============================] - 6s 104us/step - loss: 0.1029 - acc: 0.9685 - val_loss: 0.0889 - val_acc: 0.9736
Epoch 3/20
60000/60000 [==============================] - 6s 102us/step - loss: 0.0770 - acc: 0.9764 - val_loss: 0.0803 - val_acc: 0.9763
Epoch 4/20
60000/60000 [==============================] - 6s 106us/step - loss: 0.0613 - acc: 0.9812 - val_loss: 0.0746 - val_acc: 0.9789
Epoch 5/20
60000/60000 [==============================] - 6s 100us/step - loss: 0.0497 - acc: 0.9853 - val_loss: 0.0709 - val_acc: 0.9808
Epoch 6/20
60000/60000 [==============================] - 6s 100us/step - loss: 0.0429 - acc: 0.9875 - val_loss: 0.0779 - val_acc: 0.9807
Epoch 7/20
60000/60000 [==============================] - 6s 102us/step - loss: 0.0379 - acc: 0.9889 - val_loss: 0.0684 - val_acc: 0.9837
Epoch 8/20
60000/60000 [==============================] - 6s 98us/step - loss: 0.0356 - acc: 0.9899 - val_loss: 0.0835 - val_acc: 0.9816
Epoch 9/20
60000/60000 [==============================] - 6s 103us/step - loss: 0.0299 - acc: 0.9914 - val_loss: 0.0769 - val_acc: 0.9829
Epoch 10/20
60000/60000 [==============================] - 6s 98us/step - loss: 0.0290 - acc: 0.9916 - val_loss: 0.0855 - val_acc: 0.9817
Epoch 11/20
60000/60000 [==============================] - 6s 97us/step - loss: 0.0269 - acc: 0.9921 - val_loss: 0.0882 - val_acc: 0.9818
Epoch 12/20
60000/60000 [==============================] - 6s 103us/step - loss: 0.0232 - acc: 0.9931 - val_loss: 0.0936 - val_acc: 0.9822
Epoch 13/20
60000/60000 [==============================] - 6s 97us/step - loss: 0.0235 - acc: 0.9935 - val_loss: 0.0895 - val_acc: 0.9836
Epoch 14/20
60000/60000 [==============================] - 6s 100us/step - loss: 0.0212 - acc: 0.9942 - val_loss: 0.1075 - val_acc: 0.9797
Epoch 15/20
60000/60000 [==============================] - 6s 103us/step - loss: 0.0219 - acc: 0.9942 - val_loss: 0.1019 - val_acc: 0.9824
Epoch 16/20
60000/60000 [==============================] - 6s 100us/step - loss: 0.0195 - acc: 0.9947 - val_loss: 0.0997 - val_acc: 0.9834
Epoch 17/20
60000/60000 [==============================] - 6s 102us/step - loss: 0.0194 - acc: 0.9949 - val_loss: 0.0985 - val_acc: 0.9826
Epoch 18/20
60000/60000 [==============================] - 6s 98us/step - loss: 0.0207 - acc: 0.9949 - val_loss: 0.1065 - val_acc: 0.9828
Epoch 19/20
60000/60000 [==============================] - 6s 97us/step - loss: 0.0181 - acc: 0.9952 - val_loss: 0.1161 - val_acc: 0.9822
Epoch 20/20
60000/60000 [==============================] - 6s 102us/step - loss: 0.0187 - acc: 0.9954 - val_loss: 0.1249 - val_acc: 0.9822
Test loss: 0.12493905552479992
Test accuracy: 0.9822
